<?xml version="1.0" encoding="UTF-8"?>
<!-- Generated by org.testng.reporters.JUnitReportReporter -->
<testsuite skipped="0" hostname="YECOLNEA186" name="cnpp.TestCases.test.TestngDemo1" tests="1" failures="0" timestamp="02 Mar 2018 02:43:37 GMT" time="0.010" errors="0">
  <testcase name="case1" time="0.010" classname="cnpp.TestCases.test.TestngDemo1"/>
</testsuite> <!-- cnpp.TestCases.test.TestngDemo1 -->
