<?xml version="1.0" encoding="UTF-8"?>
<!-- Generated by org.testng.reporters.JUnitReportReporter -->
<testsuite skipped="0" hostname="YECOLNEA186" name="cnpp.TestCases.test.TestngDemo4" tests="2" failures="0" timestamp="02 Mar 2018 03:20:32 GMT" time="0.008" errors="0">
  <testcase name="case5" time="0.004" classname="cnpp.TestCases.test.TestngDemo4"/>
  <testcase name="case6" time="0.004" classname="cnpp.TestCases.test.TestngDemo4"/>
</testsuite> <!-- cnpp.TestCases.test.TestngDemo4 -->
