<?xml version="1.0" encoding="UTF-8"?>
<!-- Generated by org.testng.reporters.JUnitReportReporter -->
<testsuite skipped="0" hostname="YECOLNEA186" name="com.bwf.tests.TestngDemo" tests="1" failures="0" timestamp="23 Feb 2018 03:14:01 GMT" time="0.007" errors="0">
  <testcase name="myTest1Func" time="0.007" classname="com.bwf.tests.TestngDemo"/>
</testsuite> <!-- com.bwf.tests.TestngDemo -->
