<?xml version="1.0" encoding="UTF-8"?>
<!-- Generated by org.testng.reporters.JUnitReportReporter -->
<testsuite skipped="0" hostname="YECOLNEA186" name="cnpp.TestCases.test.LoginTest" tests="1" failures="0" timestamp="27 Feb 2018 08:25:30 GMT" time="32.096" errors="0">
  <testcase name="testLogin_success" time="32.096" classname="cnpp.TestCases.test.LoginTest"/>
</testsuite> <!-- cnpp.TestCases.test.LoginTest -->
