<?xml version="1.0" encoding="UTF-8"?>
<!-- Generated by org.testng.reporters.JUnitReportReporter -->
<testsuite skipped="0" hostname="YECOLNEA186" name="cnpp.execise.demo20180221" tests="1" failures="0" timestamp="21 Feb 2018 07:37:50 GMT" time="5.787" errors="0">
  <testcase name="OpenCube" time="5.787" classname="cnpp.execise.demo20180221"/>
</testsuite> <!-- cnpp.execise.demo20180221 -->
