<?xml version="1.0" encoding="UTF-8"?>
<!-- Generated by org.testng.reporters.JUnitReportReporter -->
<testsuite skipped="0" hostname="YECOLNEA186" name="cnpp.TestCases.test.TestngDemo3" tests="2" failures="0" timestamp="02 Mar 2018 03:20:32 GMT" time="0.008" errors="0">
  <testcase name="case3" time="0.001" classname="cnpp.TestCases.test.TestngDemo3"/>
  <testcase name="case4" time="0.007" classname="cnpp.TestCases.test.TestngDemo3"/>
</testsuite> <!-- cnpp.TestCases.test.TestngDemo3 -->
