<?xml version="1.0" encoding="UTF-8"?>
<!-- Generated by org.testng.reporters.JUnitReportReporter -->
<testsuite skipped="0" hostname="YECOLNEA186" name="cnpp.execise.FirstTestNGClass" tests="3" failures="0" timestamp="27 Feb 2018 07:39:06 GMT" time="46.152" errors="0">
  <testcase name="SearchProduct" time="21.216" classname="cnpp.execise.FirstTestNGClass"/>
  <testcase name="LoginExpress" time="13.756" classname="cnpp.execise.FirstTestNGClass"/>
  <testcase name="OpenCube" time="11.180" classname="cnpp.execise.FirstTestNGClass"/>
</testsuite> <!-- cnpp.execise.FirstTestNGClass -->
