<?xml version="1.0" encoding="UTF-8"?>
<!-- Generated by org.testng.reporters.JUnitReportReporter -->
<testsuite skipped="0" hostname="YECOLNEA186" name="com.bwf.tests.TestDemo1" tests="2" failures="0" timestamp="23 Feb 2018 03:14:35 GMT" time="0.003" errors="0">
  <testcase name="myTest11Func" time="0.002" classname="com.bwf.tests.TestDemo1"/>
  <testcase name="myTest12Func" time="0.001" classname="com.bwf.tests.TestDemo1"/>
</testsuite> <!-- com.bwf.tests.TestDemo1 -->
