<?xml version="1.0" encoding="UTF-8"?>
<!-- Generated by org.testng.reporters.JUnitReportReporter -->
<testsuite skipped="0" hostname="YECOLNEA186" name="com.bwf.tests.TestDemo2" tests="2" failures="0" timestamp="23 Feb 2018 03:14:35 GMT" time="0.011" errors="0">
  <testcase name="myTest21Func" time="0.008" classname="com.bwf.tests.TestDemo2"/>
  <testcase name="myTest22Func" time="0.003" classname="com.bwf.tests.TestDemo2"/>
</testsuite> <!-- com.bwf.tests.TestDemo2 -->
